-------------------------------------------------------------------------------
Test set: CreatingCourierTest
-------------------------------------------------------------------------------
Tests run: 3, Failures: 1, Errors: 0, Skipped: 0, Time elapsed: 0.65 s <<< FAILURE! - in CreatingCourierTest
CreatingCourierTest.unSuccessCreatingCourierWithoutFirstNameTest  Time elapsed: 0.232 s  <<< FAILURE!
java.lang.AssertionError: 
Courier can be login without password
Expected: <400>
     but: was <201>
	at CreatingCourierTest.unSuccessCreatingCourierWithoutFirstNameTest(CreatingCourierTest.java:58)

